<?xml version="1.0" encoding="UTF-8"?>
<testng-results skipped="0" failed="0" total="1" passed="1">
  <reporter-output>
  </reporter-output>
  <suite name="Default suite" duration-ms="8256" started-at="2020-04-01T08:06:03Z" finished-at="2020-04-01T08:06:11Z">
    <groups>
    </groups>
    <test name="Default test" duration-ms="8256" started-at="2020-04-01T08:06:03Z" finished-at="2020-04-01T08:06:11Z">
      <class name="march30.StaticJson">
        <test-method status="PASS" signature="addBook()[pri:0, instance:march30.StaticJson@47fd17e3]" name="addBook" duration-ms="8224" started-at="2020-04-01T13:36:03Z" finished-at="2020-04-01T13:36:11Z">
          <reporter-output>
          </reporter-output>
        </test-method> <!-- addBook -->
      </class> <!-- march30.StaticJson -->
    </test> <!-- Default test -->
  </suite> <!-- Default suite -->
</testng-results>
